<?xml version="1.0" encoding="UTF-8"?>
<!-- Generated by org.testng.reporters.JUnitReportReporter -->
<testsuite hostname="DESKTOP-9BJ4JH8" failures="0" tests="2" name="UserAPITests" time="3.033" errors="0" timestamp="2024-01-28T13:36:11 NZDT" skipped="0">
  <testcase classname="UserAPITests" name="testGetUsersEndpoint" time="2.315"/>
  <system-out/>
  <testcase classname="UserAPITests" name="testPostUserEndpoint" time="0.718"/>
  <system-out/>
</testsuite> <!-- UserAPITests -->
